Build started 09/09/2018 10:11:00 ب.ظ.
     1>Project "E:\cocos2d-x-2.2.3\projects\bazooka\proj.win32\bazooka.vcxproj" on node 2 (Build target(s)).
     1>ClCompile:
         C:\Program Files (x86)\Microsoft Visual Studio 12.0\VC\bin\CL.exe /c /I"E:\cocos2d-x-2.2.3\projects\bazooka\proj.win32\..\..\..\cocos2dx" /I"E:\cocos2d-x-2.2.3\projects\bazooka\proj.win32\..\..\..\cocos2dx\include" /I"E:\cocos2d-x-2.2.3\projects\bazooka\proj.win32\..\..\..\cocos2dx\kazmath\include" /I"E:\cocos2d-x-2.2.3\projects\bazooka\proj.win32\..\..\..\cocos2dx\platform\win32" /I"E:\cocos2d-x-2.2.3\projects\bazooka\proj.win32\..\..\..\cocos2dx\platform\third_party\win32" /I"E:\cocos2d-x-2.2.3\projects\bazooka\proj.win32\..\..\..\cocos2dx\platform\third_party\win32\OGLES" /I"E:\cocos2d-x-2.2.3\projects\bazooka\proj.win32\..\..\..\external" /I"E:\cocos2d-x-2.2.3\projects\bazooka\proj.win32\..\..\..\external\chipmunk\include\chipmunk" /I"E:\cocos2d-x-2.2.3\projects\bazooka\proj.win32\..\..\..\CocosDenshion\include" /I"E:\cocos2d-x-2.2.3\projects\bazooka\proj.win32\..\..\..\extensions" /I..\Classes /I.. /ZI /nologo /W3 /WX- /Od /Oy- /D WIN32 /D _DEBUG /D _WINDOWS /D _USE_MATH_DEFINES /D GL_GLEXT_PROTOTYPES /D CC_ENABLE_CHIPMUNK_INTEGRATION=1 /D COCOS2D_DEBUG=1 /D _CRT_SECURE_NO_WARNINGS /D _SCL_SECURE_NO_WARNINGS /D _USING_V110_SDK71_ /D _UNICODE /D UNICODE /Gm /EHsc /RTC1 /MDd /GS /fp:precise /Zc:wchar_t /Zc:forScope /Fo"Debug.win32\\" /Fd"Debug.win32\vc120.pdb" /Gd /TP /wd4267 /wd4251 /wd4244 /analyze- /errorReport:prompt ..\Classes\AppDelegate.cpp ..\Classes\HelloWorldScene.cpp main.cpp
         HelloWorldScene.cpp
     1>e:\cocos2d-x-2.2.3\projects\bazooka\classes\helloworldscene.h(19): error C2143: syntax error : missing ';' before '*'
     1>e:\cocos2d-x-2.2.3\projects\bazooka\classes\helloworldscene.h(19): error C4430: missing type specifier - int assumed. Note: C++ does not support default-int
     1>e:\cocos2d-x-2.2.3\projects\bazooka\classes\helloworldscene.cpp(37): error C2065: 'hero' : undeclared identifier
     1>e:\cocos2d-x-2.2.3\projects\bazooka\classes\helloworldscene.cpp(38): error C2065: 'hero' : undeclared identifier
     1>e:\cocos2d-x-2.2.3\projects\bazooka\classes\helloworldscene.cpp(38): error C2227: left of '->setPosition' must point to class/struct/union/generic type
                 type is 'unknown-type'
     1>e:\cocos2d-x-2.2.3\projects\bazooka\classes\helloworldscene.cpp(39): error C2065: 'hero' : undeclared identifier
         AppDelegate.cpp
     1>e:\cocos2d-x-2.2.3\projects\bazooka\classes\helloworldscene.h(19): error C2143: syntax error : missing ';' before '*'
     1>e:\cocos2d-x-2.2.3\projects\bazooka\classes\helloworldscene.h(19): error C4430: missing type specifier - int assumed. Note: C++ does not support default-int
         Generating Code...
         Skipping... (no relevant changes detected)
         main.cpp
     1>Done Building Project "E:\cocos2d-x-2.2.3\projects\bazooka\proj.win32\bazooka.vcxproj" (Build target(s)) -- FAILED.

Build FAILED.

Time Elapsed 00:00:01.81
